<?xml version="1.0" encoding="UTF-8"?>
<testng-results skipped="0" failed="1" ignored="0" total="6" passed="5">
  <reporter-output>
  </reporter-output>
  <suite name="Command line suite" duration-ms="119340" started-at="2023-05-23T10:16:58 CDT" finished-at="2023-05-23T10:18:57 CDT">
    <groups>
    </groups>
    <test name="Command line test" duration-ms="119340" started-at="2023-05-23T10:16:58 CDT" finished-at="2023-05-23T10:18:57 CDT">
      <class name="LocationTest">
        <test-method status="PASS" signature="setUp()[pri:0, instance:LocationTest@5c3bd550]" name="setUp" is-config="true" duration-ms="4740" started-at="2023-05-23T10:18:09 CDT" finished-at="2023-05-23T10:18:14 CDT">
          <reporter-output>
          </reporter-output>
        </test-method> <!-- setUp -->
        <test-method status="PASS" signature="Location()[pri:0, instance:LocationTest@5c3bd550]" name="Location" duration-ms="6241" started-at="2023-05-23T10:18:14 CDT" finished-at="2023-05-23T10:18:20 CDT">
          <reporter-output>
          </reporter-output>
        </test-method> <!-- Location -->
      </class> <!-- LocationTest -->
      <class name="PriceTransparencyTest">
        <test-method status="PASS" signature="setUp()[pri:0, instance:PriceTransparencyTest@91161c7]" name="setUp" is-config="true" duration-ms="5162" started-at="2023-05-23T10:18:20 CDT" finished-at="2023-05-23T10:18:25 CDT">
          <reporter-output>
          </reporter-output>
        </test-method> <!-- setUp -->
        <test-method status="PASS" signature="PriceTransparencyTest()[pri:0, instance:PriceTransparencyTest@91161c7]" name="PriceTransparencyTest" duration-ms="8254" started-at="2023-05-23T10:18:25 CDT" finished-at="2023-05-23T10:18:33 CDT">
          <reporter-output>
          </reporter-output>
        </test-method> <!-- PriceTransparencyTest -->
      </class> <!-- PriceTransparencyTest -->
      <class name="DonationTest">
        <test-method status="PASS" signature="setUp()[pri:0, instance:DonationTest@5e3a8624]" name="setUp" is-config="true" duration-ms="5507" started-at="2023-05-23T10:17:53 CDT" finished-at="2023-05-23T10:17:59 CDT">
          <reporter-output>
          </reporter-output>
        </test-method> <!-- setUp -->
        <test-method status="PASS" signature="OpenBrowser()[pri:4, instance:DonationTest@5e3a8624]" name="OpenBrowser" duration-ms="10136" started-at="2023-05-23T10:17:59 CDT" finished-at="2023-05-23T10:18:09 CDT">
          <reporter-output>
          </reporter-output>
        </test-method> <!-- OpenBrowser -->
      </class> <!-- DonationTest -->
      <class name="CareerTest">
        <test-method status="PASS" signature="setUp()[pri:0, instance:CareerTest@1bce4f0a]" name="setUp" is-config="true" duration-ms="4547" started-at="2023-05-23T10:17:12 CDT" finished-at="2023-05-23T10:17:16 CDT">
          <reporter-output>
          </reporter-output>
        </test-method> <!-- setUp -->
        <test-method status="FAIL" signature="testCareesrTestCase()[pri:0, instance:CareerTest@1bce4f0a]" name="testCareesrTestCase" duration-ms="37326" started-at="2023-05-23T10:17:16 CDT" finished-at="2023-05-23T10:17:53 CDT">
          <exception class="org.openqa.selenium.NoSuchElementException">
            <message>
              <![CDATA[no such element: Unable to locate element: {"method":"xpath","selector":"//a[@id='link-apply-0']/span/span"}
  (Session info: chrome=113.0.5672.127)
For documentation on this error, please visit: https://www.seleniumhq.org/exceptions/no_such_element.html
Build info: version: '3.141.59', revision: 'e82be7d358', time: '2018-11-14T08:17:03'
System info: host: 'LAPTOP-CJ63G7LO', ip: '10.1.10.77', os.name: 'Windows 10', os.arch: 'amd64', os.version: '10.0', java.version: '1.8.0_191'
Driver info: org.openqa.selenium.chrome.ChromeDriver
Capabilities {acceptInsecureCerts: false, browserName: chrome, browserVersion: 113.0.5672.127, chrome: {chromedriverVersion: 113.0.5672.63 (0e1a4471d5ae..., userDataDir: C:\Users\kohli\AppData\Loca...}, goog:chromeOptions: {debuggerAddress: localhost:52756}, javascriptEnabled: true, networkConnectionEnabled: false, pageLoadStrategy: normal, platform: WINDOWS, platformName: WINDOWS, proxy: Proxy(), setWindowRect: true, strictFileInteractability: false, timeouts: {implicit: 0, pageLoad: 300000, script: 30000}, unhandledPromptBehavior: dismiss and notify, webauthn:extension:credBlob: true, webauthn:extension:largeBlob: true, webauthn:extension:minPinLength: true, webauthn:extension:prf: true, webauthn:virtualAuthenticators: true}
Session ID: 611007ed28dd2ccc20cd68b302f016a9
*** Element info: {Using=xpath, value=//a[@id='link-apply-0']/span/span}]]>
            </message>
            <full-stacktrace>
              <![CDATA[org.openqa.selenium.NoSuchElementException: no such element: Unable to locate element: {"method":"xpath","selector":"//a[@id='link-apply-0']/span/span"}
  (Session info: chrome=113.0.5672.127)
For documentation on this error, please visit: https://www.seleniumhq.org/exceptions/no_such_element.html
Build info: version: '3.141.59', revision: 'e82be7d358', time: '2018-11-14T08:17:03'
System info: host: 'LAPTOP-CJ63G7LO', ip: '10.1.10.77', os.name: 'Windows 10', os.arch: 'amd64', os.version: '10.0', java.version: '1.8.0_191'
Driver info: org.openqa.selenium.chrome.ChromeDriver
Capabilities {acceptInsecureCerts: false, browserName: chrome, browserVersion: 113.0.5672.127, chrome: {chromedriverVersion: 113.0.5672.63 (0e1a4471d5ae..., userDataDir: C:\Users\kohli\AppData\Loca...}, goog:chromeOptions: {debuggerAddress: localhost:52756}, javascriptEnabled: true, networkConnectionEnabled: false, pageLoadStrategy: normal, platform: WINDOWS, platformName: WINDOWS, proxy: Proxy(), setWindowRect: true, strictFileInteractability: false, timeouts: {implicit: 0, pageLoad: 300000, script: 30000}, unhandledPromptBehavior: dismiss and notify, webauthn:extension:credBlob: true, webauthn:extension:largeBlob: true, webauthn:extension:minPinLength: true, webauthn:extension:prf: true, webauthn:virtualAuthenticators: true}
Session ID: 611007ed28dd2ccc20cd68b302f016a9
*** Element info: {Using=xpath, value=//a[@id='link-apply-0']/span/span}
at sun.reflect.NativeConstructorAccessorImpl.newInstance0(Native Method)
at sun.reflect.NativeConstructorAccessorImpl.newInstance(NativeConstructorAccessorImpl.java:62)
at sun.reflect.DelegatingConstructorAccessorImpl.newInstance(DelegatingConstructorAccessorImpl.java:45)
at java.lang.reflect.Constructor.newInstance(Constructor.java:423)
at org.openqa.selenium.remote.http.W3CHttpResponseCodec.createException(W3CHttpResponseCodec.java:187)
at org.openqa.selenium.remote.http.W3CHttpResponseCodec.decode(W3CHttpResponseCodec.java:122)
at org.openqa.selenium.remote.http.W3CHttpResponseCodec.decode(W3CHttpResponseCodec.java:49)
at org.openqa.selenium.remote.HttpCommandExecutor.execute(HttpCommandExecutor.java:158)
at org.openqa.selenium.remote.service.DriverCommandExecutor.execute(DriverCommandExecutor.java:83)
at org.openqa.selenium.remote.RemoteWebDriver.execute(RemoteWebDriver.java:552)
at org.openqa.selenium.remote.RemoteWebDriver.findElement(RemoteWebDriver.java:323)
at org.openqa.selenium.remote.RemoteWebDriver.findElementByXPath(RemoteWebDriver.java:428)
at org.openqa.selenium.By$ByXPath.findElement(By.java:353)
at org.openqa.selenium.remote.RemoteWebDriver.findElement(RemoteWebDriver.java:315)
at CareerTest.testCareesrTestCase(CareerTest.java:44)
at sun.reflect.NativeMethodAccessorImpl.invoke0(Native Method)
at sun.reflect.NativeMethodAccessorImpl.invoke(NativeMethodAccessorImpl.java:62)
at sun.reflect.DelegatingMethodAccessorImpl.invoke(DelegatingMethodAccessorImpl.java:43)
at java.lang.reflect.Method.invoke(Method.java:498)
at org.testng.internal.MethodInvocationHelper.invokeMethod(MethodInvocationHelper.java:134)
at org.testng.internal.TestInvoker.invokeMethod(TestInvoker.java:597)
at org.testng.internal.TestInvoker.invokeTestMethod(TestInvoker.java:173)
at org.testng.internal.MethodRunner.runInSequence(MethodRunner.java:46)
at org.testng.internal.TestInvoker$MethodInvocationAgent.invoke(TestInvoker.java:816)
at org.testng.internal.TestInvoker.invokeTestMethods(TestInvoker.java:146)
at org.testng.internal.TestMethodWorker.invokeTestMethods(TestMethodWorker.java:146)
at org.testng.internal.TestMethodWorker.run(TestMethodWorker.java:128)
at java.util.ArrayList.forEach(ArrayList.java:1257)
at org.testng.TestRunner.privateRun(TestRunner.java:766)
at org.testng.TestRunner.run(TestRunner.java:587)
at org.testng.SuiteRunner.runTest(SuiteRunner.java:384)
at org.testng.SuiteRunner.runSequentially(SuiteRunner.java:378)
at org.testng.SuiteRunner.privateRun(SuiteRunner.java:337)
at org.testng.SuiteRunner.run(SuiteRunner.java:286)
at org.testng.SuiteRunnerWorker.runSuite(SuiteRunnerWorker.java:53)
at org.testng.SuiteRunnerWorker.run(SuiteRunnerWorker.java:96)
at org.testng.TestNG.runSuitesSequentially(TestNG.java:1187)
at org.testng.TestNG.runSuitesLocally(TestNG.java:1109)
at org.testng.TestNG.runSuites(TestNG.java:1039)
at org.testng.TestNG.run(TestNG.java:1007)
at org.apache.maven.surefire.testng.TestNGExecutor.run(TestNGExecutor.java:70)
at org.apache.maven.surefire.testng.TestNGDirectoryTestSuite.executeMulti(TestNGDirectoryTestSuite.java:158)
at org.apache.maven.surefire.testng.TestNGDirectoryTestSuite.execute(TestNGDirectoryTestSuite.java:98)
at org.apache.maven.surefire.testng.TestNGProvider.invoke(TestNGProvider.java:111)
at sun.reflect.NativeMethodAccessorImpl.invoke0(Native Method)
at sun.reflect.NativeMethodAccessorImpl.invoke(NativeMethodAccessorImpl.java:62)
at sun.reflect.DelegatingMethodAccessorImpl.invoke(DelegatingMethodAccessorImpl.java:43)
at java.lang.reflect.Method.invoke(Method.java:498)
at org.apache.maven.surefire.util.ReflectionUtils.invokeMethodWithArray(ReflectionUtils.java:164)
at org.apache.maven.surefire.booter.ProviderFactory$ProviderProxy.invoke(ProviderFactory.java:110)
at org.apache.maven.surefire.booter.SurefireStarter.invokeProvider(SurefireStarter.java:175)
at org.apache.maven.surefire.booter.SurefireStarter.runSuitesInProcessWhenForked(SurefireStarter.java:107)
at org.apache.maven.surefire.booter.ForkedBooter.main(ForkedBooter.java:68)
]]>
            </full-stacktrace>
          </exception> <!-- org.openqa.selenium.NoSuchElementException -->
          <reporter-output>
          </reporter-output>
        </test-method> <!-- testCareesrTestCase -->
      </class> <!-- CareerTest -->
      <class name="SpecialtyCareTest">
        <test-method status="PASS" signature="setUp()[pri:0, instance:SpecialtyCareTest@604ed9f0]" name="setUp" is-config="true" duration-ms="4914" started-at="2023-05-23T10:18:33 CDT" finished-at="2023-05-23T10:18:38 CDT">
          <reporter-output>
          </reporter-output>
        </test-method> <!-- setUp -->
        <test-method status="PASS" signature="testSpecialtyCare()[pri:0, instance:SpecialtyCareTest@604ed9f0]" name="testSpecialtyCare" duration-ms="18637" started-at="2023-05-23T10:18:38 CDT" finished-at="2023-05-23T10:18:57 CDT">
          <reporter-output>
          </reporter-output>
        </test-method> <!-- testSpecialtyCare -->
      </class> <!-- SpecialtyCareTest -->
      <class name="BillPayTest">
        <test-method status="PASS" signature="setUp()[pri:0, instance:BillPayTest@3bfdc050]" name="setUp" is-config="true" duration-ms="5345" started-at="2023-05-23T10:16:58 CDT" finished-at="2023-05-23T10:17:03 CDT">
          <reporter-output>
          </reporter-output>
        </test-method> <!-- setUp -->
        <test-method status="PASS" signature="amita1()[pri:0, instance:BillPayTest@3bfdc050]" name="amita1" duration-ms="8494" started-at="2023-05-23T10:17:03 CDT" finished-at="2023-05-23T10:17:12 CDT">
          <reporter-output>
          </reporter-output>
        </test-method> <!-- amita1 -->
      </class> <!-- BillPayTest -->
    </test> <!-- Command line test -->
  </suite> <!-- Command line suite -->
</testng-results>
