<?xml version="1.0" encoding="UTF-8"?>
<testng-results skipped="0" failed="1" ignored="0" total="6" passed="5">
  <reporter-output>
  </reporter-output>
  <suite name="Command line suite" duration-ms="120982" started-at="2023-05-24T12:53:57 CDT" finished-at="2023-05-24T12:55:58 CDT">
    <groups>
    </groups>
    <test name="Command line test" duration-ms="120982" started-at="2023-05-24T12:53:57 CDT" finished-at="2023-05-24T12:55:58 CDT">
      <class name="PriceTransparencyTest">
        <test-method status="PASS" signature="setUp()[pri:0, instance:PriceTransparencyTest@91161c7]" name="setUp" is-config="true" duration-ms="5008" started-at="2023-05-24T12:55:21 CDT" finished-at="2023-05-24T12:55:26 CDT">
          <reporter-output>
          </reporter-output>
        </test-method> <!-- setUp -->
        <test-method status="PASS" signature="PriceTransparencyTest()[pri:0, instance:PriceTransparencyTest@91161c7]" name="PriceTransparencyTest" duration-ms="9340" started-at="2023-05-24T12:55:26 CDT" finished-at="2023-05-24T12:55:35 CDT">
          <reporter-output>
          </reporter-output>
        </test-method> <!-- PriceTransparencyTest -->
      </class> <!-- PriceTransparencyTest -->
      <class name="LocationTest">
        <test-method status="PASS" signature="setUp()[pri:0, instance:LocationTest@5c3bd550]" name="setUp" is-config="true" duration-ms="6235" started-at="2023-05-24T12:55:08 CDT" finished-at="2023-05-24T12:55:14 CDT">
          <reporter-output>
          </reporter-output>
        </test-method> <!-- setUp -->
        <test-method status="PASS" signature="Location()[pri:0, instance:LocationTest@5c3bd550]" name="Location" duration-ms="6213" started-at="2023-05-24T12:55:14 CDT" finished-at="2023-05-24T12:55:21 CDT">
          <reporter-output>
          </reporter-output>
        </test-method> <!-- Location -->
      </class> <!-- LocationTest -->
      <class name="DonationTest">
        <test-method status="PASS" signature="setUp()[pri:0, instance:DonationTest@5e3a8624]" name="setUp" is-config="true" duration-ms="5173" started-at="2023-05-24T12:54:53 CDT" finished-at="2023-05-24T12:54:58 CDT">
          <reporter-output>
          </reporter-output>
        </test-method> <!-- setUp -->
        <test-method status="PASS" signature="OpenBrowser()[pri:4, instance:DonationTest@5e3a8624]" name="OpenBrowser" duration-ms="10143" started-at="2023-05-24T12:54:58 CDT" finished-at="2023-05-24T12:55:08 CDT">
          <reporter-output>
          </reporter-output>
        </test-method> <!-- OpenBrowser -->
      </class> <!-- DonationTest -->
      <class name="CareerTest">
        <test-method status="PASS" signature="setUp()[pri:0, instance:CareerTest@1bce4f0a]" name="setUp" is-config="true" duration-ms="4581" started-at="2023-05-24T12:54:12 CDT" finished-at="2023-05-24T12:54:16 CDT">
          <reporter-output>
          </reporter-output>
        </test-method> <!-- setUp -->
        <test-method status="FAIL" signature="testCareesrTestCase()[pri:0, instance:CareerTest@1bce4f0a]" name="testCareesrTestCase" duration-ms="36553" started-at="2023-05-24T12:54:16 CDT" finished-at="2023-05-24T12:54:53 CDT">
          <exception class="org.openqa.selenium.NoSuchElementException">
            <message>
              <![CDATA[Cannot locate an element using xpath=//a[@id='link-apply-0']/span/span
For documentation on this error, please visit: https://www.seleniumhq.org/exceptions/no_such_element.html
Build info: version: '3.141.59', revision: 'e82be7d358', time: '2018-11-14T08:17:03'
System info: host: 'LAPTOP-CJ63G7LO', ip: '10.1.10.77', os.name: 'Windows 10', os.arch: 'amd64', os.version: '10.0', java.version: '1.8.0_191'
Driver info: driver.version: RemoteWebDriver]]>
            </message>
            <full-stacktrace>
              <![CDATA[org.openqa.selenium.NoSuchElementException: Cannot locate an element using xpath=//a[@id='link-apply-0']/span/span
For documentation on this error, please visit: https://www.seleniumhq.org/exceptions/no_such_element.html
Build info: version: '3.141.59', revision: 'e82be7d358', time: '2018-11-14T08:17:03'
System info: host: 'LAPTOP-CJ63G7LO', ip: '10.1.10.77', os.name: 'Windows 10', os.arch: 'amd64', os.version: '10.0', java.version: '1.8.0_191'
Driver info: driver.version: RemoteWebDriver
at org.openqa.selenium.remote.RemoteWebDriver.findElement(RemoteWebDriver.java:327)
at org.openqa.selenium.remote.RemoteWebDriver.findElementByXPath(RemoteWebDriver.java:428)
at org.openqa.selenium.By$ByXPath.findElement(By.java:353)
at org.openqa.selenium.remote.RemoteWebDriver.findElement(RemoteWebDriver.java:315)
at CareerTest.testCareesrTestCase(CareerTest.java:44)
at sun.reflect.NativeMethodAccessorImpl.invoke0(Native Method)
at sun.reflect.NativeMethodAccessorImpl.invoke(NativeMethodAccessorImpl.java:62)
at sun.reflect.DelegatingMethodAccessorImpl.invoke(DelegatingMethodAccessorImpl.java:43)
at java.lang.reflect.Method.invoke(Method.java:498)
at org.testng.internal.MethodInvocationHelper.invokeMethod(MethodInvocationHelper.java:134)
at org.testng.internal.TestInvoker.invokeMethod(TestInvoker.java:597)
at org.testng.internal.TestInvoker.invokeTestMethod(TestInvoker.java:173)
at org.testng.internal.MethodRunner.runInSequence(MethodRunner.java:46)
at org.testng.internal.TestInvoker$MethodInvocationAgent.invoke(TestInvoker.java:816)
at org.testng.internal.TestInvoker.invokeTestMethods(TestInvoker.java:146)
at org.testng.internal.TestMethodWorker.invokeTestMethods(TestMethodWorker.java:146)
at org.testng.internal.TestMethodWorker.run(TestMethodWorker.java:128)
at java.util.ArrayList.forEach(ArrayList.java:1257)
at org.testng.TestRunner.privateRun(TestRunner.java:766)
at org.testng.TestRunner.run(TestRunner.java:587)
at org.testng.SuiteRunner.runTest(SuiteRunner.java:384)
at org.testng.SuiteRunner.runSequentially(SuiteRunner.java:378)
at org.testng.SuiteRunner.privateRun(SuiteRunner.java:337)
at org.testng.SuiteRunner.run(SuiteRunner.java:286)
at org.testng.SuiteRunnerWorker.runSuite(SuiteRunnerWorker.java:53)
at org.testng.SuiteRunnerWorker.run(SuiteRunnerWorker.java:96)
at org.testng.TestNG.runSuitesSequentially(TestNG.java:1187)
at org.testng.TestNG.runSuitesLocally(TestNG.java:1109)
at org.testng.TestNG.runSuites(TestNG.java:1039)
at org.testng.TestNG.run(TestNG.java:1007)
at org.apache.maven.surefire.testng.TestNGExecutor.run(TestNGExecutor.java:70)
at org.apache.maven.surefire.testng.TestNGDirectoryTestSuite.executeMulti(TestNGDirectoryTestSuite.java:158)
at org.apache.maven.surefire.testng.TestNGDirectoryTestSuite.execute(TestNGDirectoryTestSuite.java:98)
at org.apache.maven.surefire.testng.TestNGProvider.invoke(TestNGProvider.java:111)
at sun.reflect.NativeMethodAccessorImpl.invoke0(Native Method)
at sun.reflect.NativeMethodAccessorImpl.invoke(NativeMethodAccessorImpl.java:62)
at sun.reflect.DelegatingMethodAccessorImpl.invoke(DelegatingMethodAccessorImpl.java:43)
at java.lang.reflect.Method.invoke(Method.java:498)
at org.apache.maven.surefire.util.ReflectionUtils.invokeMethodWithArray(ReflectionUtils.java:164)
at org.apache.maven.surefire.booter.ProviderFactory$ProviderProxy.invoke(ProviderFactory.java:110)
at org.apache.maven.surefire.booter.SurefireStarter.invokeProvider(SurefireStarter.java:175)
at org.apache.maven.surefire.booter.SurefireStarter.runSuitesInProcessWhenForked(SurefireStarter.java:107)
at org.apache.maven.surefire.booter.ForkedBooter.main(ForkedBooter.java:68)
]]>
            </full-stacktrace>
          </exception> <!-- org.openqa.selenium.NoSuchElementException -->
          <reporter-output>
          </reporter-output>
        </test-method> <!-- testCareesrTestCase -->
      </class> <!-- CareerTest -->
      <class name="SpecialtyCareTest">
        <test-method status="PASS" signature="setUp()[pri:0, instance:SpecialtyCareTest@604ed9f0]" name="setUp" is-config="true" duration-ms="5221" started-at="2023-05-24T12:55:35 CDT" finished-at="2023-05-24T12:55:40 CDT">
          <reporter-output>
          </reporter-output>
        </test-method> <!-- setUp -->
        <test-method status="PASS" signature="testSpecialtyCare()[pri:0, instance:SpecialtyCareTest@604ed9f0]" name="testSpecialtyCare" duration-ms="17644" started-at="2023-05-24T12:55:40 CDT" finished-at="2023-05-24T12:55:58 CDT">
          <reporter-output>
          </reporter-output>
        </test-method> <!-- testSpecialtyCare -->
      </class> <!-- SpecialtyCareTest -->
      <class name="BillPayTest">
        <test-method status="PASS" signature="setUp()[pri:0, instance:BillPayTest@3bfdc050]" name="setUp" is-config="true" duration-ms="6371" started-at="2023-05-24T12:53:57 CDT" finished-at="2023-05-24T12:54:03 CDT">
          <reporter-output>
          </reporter-output>
        </test-method> <!-- setUp -->
        <test-method status="PASS" signature="amita1()[pri:0, instance:BillPayTest@3bfdc050]" name="amita1" duration-ms="8452" started-at="2023-05-24T12:54:03 CDT" finished-at="2023-05-24T12:54:12 CDT">
          <reporter-output>
          </reporter-output>
        </test-method> <!-- amita1 -->
      </class> <!-- BillPayTest -->
    </test> <!-- Command line test -->
  </suite> <!-- Command line suite -->
</testng-results>
